Vivado Simulator v2022.1
Copyright 1986-1999, 2001-2022 Xilinx, Inc. All Rights Reserved.
Running: C:/Xilinx/Vivado/2022.1/bin/unwrapped/win64.o/xelab.exe --incr --debug typical --relax --mt 2 -L xil_defaultlib -L uvm -L xilinx_vip -L unisims_ver -L unimacro_ver -L secureip -L xpm --snapshot tb_layer1_all_tiles_write_behav xil_defaultlib.tb_layer1_all_tiles_write xil_defaultlib.glbl -log elaborate.log 
Using 2 slave threads.
Starting static elaboration
Pass Through NonSizing Optimizer
Completed static elaboration
Starting simulation data flow analysis
WARNING: [XSIM 43-4099] "C:/Users/genie/Downloads/hdl_sources/finalprj_rps/finalprj_rps.srcs/finalprj_top.sv" Line 1. Module finalprj_top doesn't have a timescale but at least one module in design has a timescale.
WARNING: [XSIM 43-4099] "C:/Users/genie/Downloads/hdl_sources/finalprj_rps/finalprj_rps.srcs/finalprj_top.sv" Line 799. Module BRAM_TDP doesn't have a timescale but at least one module in design has a timescale.
WARNING: [XSIM 43-4099] "C:/Users/genie/Downloads/hdl_sources/finalprj_rps/finalprj_rps.srcs/finalprj_top.sv" Line 403. Module CONTROL_default doesn't have a timescale but at least one module in design has a timescale.
WARNING: [XSIM 43-4099] "C:/Users/genie/Downloads/hdl_sources/finalprj_rps/finalprj_rps.srcs/finalprj_top.sv" Line 259. Module SKEWER(SIZE=32'b010000) doesn't have a timescale but at least one module in design has a timescale.
WARNING: [XSIM 43-4099] "C:/Users/genie/Downloads/hdl_sources/finalprj_rps/finalprj_rps.srcs/finalprj_top.sv" Line 259. Module SKEWER(SIZE=32'b010000) doesn't have a timescale but at least one module in design has a timescale.
WARNING: [XSIM 43-4099] "C:/Users/genie/Downloads/hdl_sources/finalprj_rps/finalprj_rps.srcs/finalprj_top.sv" Line 315. Module SYSTOLIC_ARRAY(SIZE=32'b010000) doesn't have a timescale but at least one module in design has a timescale.
WARNING: [XSIM 43-4099] "C:/Users/genie/Downloads/hdl_sources/finalprj_rps/finalprj_rps.srcs/finalprj_top.sv" Line 116. Module PE doesn't have a timescale but at least one module in design has a timescale.
WARNING: [XSIM 43-4099] "C:/Users/genie/Downloads/hdl_sources/finalprj_rps/finalprj_rps.srcs/finalprj_top.sv" Line 116. Module PE doesn't have a timescale but at least one module in design has a timescale.
WARNING: [XSIM 43-4099] "C:/Users/genie/Downloads/hdl_sources/finalprj_rps/finalprj_rps.srcs/finalprj_top.sv" Line 116. Module PE doesn't have a timescale but at least one module in design has a timescale.
WARNING: [XSIM 43-4099] "C:/Users/genie/Downloads/hdl_sources/finalprj_rps/finalprj_rps.srcs/finalprj_top.sv" Line 116. Module PE doesn't have a timescale but at least one module in design has a timescale.
WARNING: [XSIM 43-4099] "C:/Users/genie/Downloads/hdl_sources/finalprj_rps/finalprj_rps.srcs/finalprj_top.sv" Line 116. Module PE doesn't have a timescale but at least one module in design has a timescale.
WARNING: [XSIM 43-4099] "C:/Users/genie/Downloads/hdl_sources/finalprj_rps/finalprj_rps.srcs/finalprj_top.sv" Line 116. Module PE doesn't have a timescale but at least one module in design has a timescale.
WARNING: [XSIM 43-4099] "C:/Users/genie/Downloads/hdl_sources/finalprj_rps/finalprj_rps.srcs/finalprj_top.sv" Line 116. Module PE doesn't have a timescale but at least one module in design has a timescale.
WARNING: [XSIM 43-4099] "C:/Users/genie/Downloads/hdl_sources/finalprj_rps/finalprj_rps.srcs/finalprj_top.sv" Line 116. Module PE doesn't have a timescale but at least one module in design has a timescale.
WARNING: [XSIM 43-4099] "C:/Users/genie/Downloads/hdl_sources/finalprj_rps/finalprj_rps.srcs/finalprj_top.sv" Line 116. Module PE doesn't have a timescale but at least one module in design has a timescale.
WARNING: [XSIM 43-4099] "C:/Users/genie/Downloads/hdl_sources/finalprj_rps/finalprj_rps.srcs/finalprj_top.sv" Line 116. Module PE doesn't have a timescale but at least one module in design has a timescale.
WARNING: [XSIM 43-4099] "C:/Users/genie/Downloads/hdl_sources/finalprj_rps/finalprj_rps.srcs/finalprj_top.sv" Line 116. Module PE doesn't have a timescale but at least one module in design has a timescale.
WARNING: [XSIM 43-4099] "C:/Users/genie/Downloads/hdl_sources/finalprj_rps/finalprj_rps.srcs/finalprj_top.sv" Line 116. Module PE doesn't have a timescale but at least one module in design has a timescale.
WARNING: [XSIM 43-4099] "C:/Users/genie/Downloads/hdl_sources/finalprj_rps/finalprj_rps.srcs/finalprj_top.sv" Line 116. Module PE doesn't have a timescale but at least one module in design has a timescale.
WARNING: [XSIM 43-4099] "C:/Users/genie/Downloads/hdl_sources/finalprj_rps/finalprj_rps.srcs/finalprj_top.sv" Line 116. Module PE doesn't have a timescale but at least one module in design has a timescale.
WARNING: [XSIM 43-4099] "C:/Users/genie/Downloads/hdl_sources/finalprj_rps/finalprj_rps.srcs/finalprj_top.sv" Line 116. Module PE doesn't have a timescale but at least one module in design has a timescale.
WARNING: [XSIM 43-4099] "C:/Users/genie/Downloads/hdl_sources/finalprj_rps/finalprj_rps.srcs/finalprj_top.sv" Line 116. Module PE doesn't have a timescale but at least one module in design has a timescale.
WARNING: [XSIM 43-4099] "C:/Users/genie/Downloads/hdl_sources/finalprj_rps/finalprj_rps.srcs/finalprj_top.sv" Line 116. Module PE doesn't have a timescale but at least one module in design has a timescale.
WARNING: [XSIM 43-4099] "C:/Users/genie/Downloads/hdl_sources/finalprj_rps/finalprj_rps.srcs/finalprj_top.sv" Line 116. Module PE doesn't have a timescale but at least one module in design has a timescale.
WARNING: [XSIM 43-4099] "C:/Users/genie/Downloads/hdl_sources/finalprj_rps/finalprj_rps.srcs/finalprj_top.sv" Line 116. Module PE doesn't have a timescale but at least one module in design has a timescale.
WARNING: [XSIM 43-4099] "C:/Users/genie/Downloads/hdl_sources/finalprj_rps/finalprj_rps.srcs/finalprj_top.sv" Line 116. Module PE doesn't have a timescale but at least one module in design has a timescale.
WARNING: [XSIM 43-4099] "C:/Users/genie/Downloads/hdl_sources/finalprj_rps/finalprj_rps.srcs/finalprj_top.sv" Line 116. Module PE doesn't have a timescale but at least one module in design has a timescale.
WARNING: [XSIM 43-4099] "C:/Users/genie/Downloads/hdl_sources/finalprj_rps/finalprj_rps.srcs/finalprj_top.sv" Line 116. Module PE doesn't have a timescale but at least one module in design has a timescale.
WARNING: [XSIM 43-4099] "C:/Users/genie/Downloads/hdl_sources/finalprj_rps/finalprj_rps.srcs/finalprj_top.sv" Line 116. Module PE doesn't have a timescale but at least one module in design has a timescale.
WARNING: [XSIM 43-4099] "C:/Users/genie/Downloads/hdl_sources/finalprj_rps/finalprj_rps.srcs/finalprj_top.sv" Line 116. Module PE doesn't have a timescale but at least one module in design has a timescale.
WARNING: [XSIM 43-4099] "C:/Users/genie/Downloads/hdl_sources/finalprj_rps/finalprj_rps.srcs/finalprj_top.sv" Line 116. Module PE doesn't have a timescale but at least one module in design has a timescale.
WARNING: [XSIM 43-4099] "C:/Users/genie/Downloads/hdl_sources/finalprj_rps/finalprj_rps.srcs/finalprj_top.sv" Line 116. Module PE doesn't have a timescale but at least one module in design has a timescale.
WARNING: [XSIM 43-4099] "C:/Users/genie/Downloads/hdl_sources/finalprj_rps/finalprj_rps.srcs/finalprj_top.sv" Line 116. Module PE doesn't have a timescale but at least one module in design has a timescale.
WARNING: [XSIM 43-4099] "C:/Users/genie/Downloads/hdl_sources/finalprj_rps/finalprj_rps.srcs/finalprj_top.sv" Line 116. Module PE doesn't have a timescale but at least one module in design has a timescale.
WARNING: [XSIM 43-4099] "C:/Users/genie/Downloads/hdl_sources/finalprj_rps/finalprj_rps.srcs/finalprj_top.sv" Line 116. Module PE doesn't have a timescale but at least one module in design has a timescale.
WARNING: [XSIM 43-4099] "C:/Users/genie/Downloads/hdl_sources/finalprj_rps/finalprj_rps.srcs/finalprj_top.sv" Line 116. Module PE doesn't have a timescale but at least one module in design has a timescale.
WARNING: [XSIM 43-4099] "C:/Users/genie/Downloads/hdl_sources/finalprj_rps/finalprj_rps.srcs/finalprj_top.sv" Line 116. Module PE doesn't have a timescale but at least one module in design has a timescale.
WARNING: [XSIM 43-4099] "C:/Users/genie/Downloads/hdl_sources/finalprj_rps/finalprj_rps.srcs/finalprj_top.sv" Line 116. Module PE doesn't have a timescale but at least one module in design has a timescale.
WARNING: [XSIM 43-4099] "C:/Users/genie/Downloads/hdl_sources/finalprj_rps/finalprj_rps.srcs/finalprj_top.sv" Line 116. Module PE doesn't have a timescale but at least one module in design has a timescale.
WARNING: [XSIM 43-4099] "C:/Users/genie/Downloads/hdl_sources/finalprj_rps/finalprj_rps.srcs/finalprj_top.sv" Line 116. Module PE doesn't have a timescale but at least one module in design has a timescale.
WARNING: [XSIM 43-4099] "C:/Users/genie/Downloads/hdl_sources/finalprj_rps/finalprj_rps.srcs/finalprj_top.sv" Line 116. Module PE doesn't have a timescale but at least one module in design has a timescale.
WARNING: [XSIM 43-4099] "C:/Users/genie/Downloads/hdl_sources/finalprj_rps/finalprj_rps.srcs/finalprj_top.sv" Line 116. Module PE doesn't have a timescale but at least one module in design has a timescale.
WARNING: [XSIM 43-4099] "C:/Users/genie/Downloads/hdl_sources/finalprj_rps/finalprj_rps.srcs/finalprj_top.sv" Line 116. Module PE doesn't have a timescale but at least one module in design has a timescale.
WARNING: [XSIM 43-4099] "C:/Users/genie/Downloads/hdl_sources/finalprj_rps/finalprj_rps.srcs/finalprj_top.sv" Line 116. Module PE doesn't have a timescale but at least one module in design has a timescale.
WARNING: [XSIM 43-4099] "C:/Users/genie/Downloads/hdl_sources/finalprj_rps/finalprj_rps.srcs/finalprj_top.sv" Line 116. Module PE doesn't have a timescale but at least one module in design has a timescale.
WARNING: [XSIM 43-4099] "C:/Users/genie/Downloads/hdl_sources/finalprj_rps/finalprj_rps.srcs/finalprj_top.sv" Line 116. Module PE doesn't have a timescale but at least one module in design has a timescale.
WARNING: [XSIM 43-4099] "C:/Users/genie/Downloads/hdl_sources/finalprj_rps/finalprj_rps.srcs/finalprj_top.sv" Line 116. Module PE doesn't have a timescale but at least one module in design has a timescale.
WARNING: [XSIM 43-4099] "C:/Users/genie/Downloads/hdl_sources/finalprj_rps/finalprj_rps.srcs/finalprj_top.sv" Line 116. Module PE doesn't have a timescale but at least one module in design has a timescale.
WARNING: [XSIM 43-4099] "C:/Users/genie/Downloads/hdl_sources/finalprj_rps/finalprj_rps.srcs/finalprj_top.sv" Line 116. Module PE doesn't have a timescale but at least one module in design has a timescale.
WARNING: [XSIM 43-4099] "C:/Users/genie/Downloads/hdl_sources/finalprj_rps/finalprj_rps.srcs/finalprj_top.sv" Line 116. Module PE doesn't have a timescale but at least one module in design has a timescale.
WARNING: [XSIM 43-4099] "C:/Users/genie/Downloads/hdl_sources/finalprj_rps/finalprj_rps.srcs/finalprj_top.sv" Line 116. Module PE doesn't have a timescale but at least one module in design has a timescale.
WARNING: [XSIM 43-4099] "C:/Users/genie/Downloads/hdl_sources/finalprj_rps/finalprj_rps.srcs/finalprj_top.sv" Line 116. Module PE doesn't have a timescale but at least one module in design has a timescale.
WARNING: [XSIM 43-4099] "C:/Users/genie/Downloads/hdl_sources/finalprj_rps/finalprj_rps.srcs/finalprj_top.sv" Line 116. Module PE doesn't have a timescale but at least one module in design has a timescale.
WARNING: [XSIM 43-4099] "C:/Users/genie/Downloads/hdl_sources/finalprj_rps/finalprj_rps.srcs/finalprj_top.sv" Line 116. Module PE doesn't have a timescale but at least one module in design has a timescale.
WARNING: [XSIM 43-4099] "C:/Users/genie/Downloads/hdl_sources/finalprj_rps/finalprj_rps.srcs/finalprj_top.sv" Line 116. Module PE doesn't have a timescale but at least one module in design has a timescale.
WARNING: [XSIM 43-4099] "C:/Users/genie/Downloads/hdl_sources/finalprj_rps/finalprj_rps.srcs/finalprj_top.sv" Line 116. Module PE doesn't have a timescale but at least one module in design has a timescale.
WARNING: [XSIM 43-4099] "C:/Users/genie/Downloads/hdl_sources/finalprj_rps/finalprj_rps.srcs/finalprj_top.sv" Line 116. Module PE doesn't have a timescale but at least one module in design has a timescale.
WARNING: [XSIM 43-4099] "C:/Users/genie/Downloads/hdl_sources/finalprj_rps/finalprj_rps.srcs/finalprj_top.sv" Line 116. Module PE doesn't have a timescale but at least one module in design has a timescale.
WARNING: [XSIM 43-4099] "C:/Users/genie/Downloads/hdl_sources/finalprj_rps/finalprj_rps.srcs/finalprj_top.sv" Line 116. Module PE doesn't have a timescale but at least one module in design has a timescale.
WARNING: [XSIM 43-4099] "C:/Users/genie/Downloads/hdl_sources/finalprj_rps/finalprj_rps.srcs/finalprj_top.sv" Line 116. Module PE doesn't have a timescale but at least one module in design has a timescale.
WARNING: [XSIM 43-4099] "C:/Users/genie/Downloads/hdl_sources/finalprj_rps/finalprj_rps.srcs/finalprj_top.sv" Line 116. Module PE doesn't have a timescale but at least one module in design has a timescale.
WARNING: [XSIM 43-4099] "C:/Users/genie/Downloads/hdl_sources/finalprj_rps/finalprj_rps.srcs/finalprj_top.sv" Line 116. Module PE doesn't have a timescale but at least one module in design has a timescale.
WARNING: [XSIM 43-4099] "C:/Users/genie/Downloads/hdl_sources/finalprj_rps/finalprj_rps.srcs/finalprj_top.sv" Line 116. Module PE doesn't have a timescale but at least one module in design has a timescale.
WARNING: [XSIM 43-4099] "C:/Users/genie/Downloads/hdl_sources/finalprj_rps/finalprj_rps.srcs/finalprj_top.sv" Line 116. Module PE doesn't have a timescale but at least one module in design has a timescale.
WARNING: [XSIM 43-4099] "C:/Users/genie/Downloads/hdl_sources/finalprj_rps/finalprj_rps.srcs/finalprj_top.sv" Line 116. Module PE doesn't have a timescale but at least one module in design has a timescale.
WARNING: [XSIM 43-4099] "C:/Users/genie/Downloads/hdl_sources/finalprj_rps/finalprj_rps.srcs/finalprj_top.sv" Line 116. Module PE doesn't have a timescale but at least one module in design has a timescale.
WARNING: [XSIM 43-4099] "C:/Users/genie/Downloads/hdl_sources/finalprj_rps/finalprj_rps.srcs/finalprj_top.sv" Line 116. Module PE doesn't have a timescale but at least one module in design has a timescale.
WARNING: [XSIM 43-4099] "C:/Users/genie/Downloads/hdl_sources/finalprj_rps/finalprj_rps.srcs/finalprj_top.sv" Line 116. Module PE doesn't have a timescale but at least one module in design has a timescale.
WARNING: [XSIM 43-4099] "C:/Users/genie/Downloads/hdl_sources/finalprj_rps/finalprj_rps.srcs/finalprj_top.sv" Line 116. Module PE doesn't have a timescale but at least one module in design has a timescale.
WARNING: [XSIM 43-4099] "C:/Users/genie/Downloads/hdl_sources/finalprj_rps/finalprj_rps.srcs/finalprj_top.sv" Line 116. Module PE doesn't have a timescale but at least one module in design has a timescale.
WARNING: [XSIM 43-4099] "C:/Users/genie/Downloads/hdl_sources/finalprj_rps/finalprj_rps.srcs/finalprj_top.sv" Line 116. Module PE doesn't have a timescale but at least one module in design has a timescale.
WARNING: [XSIM 43-4099] "C:/Users/genie/Downloads/hdl_sources/finalprj_rps/finalprj_rps.srcs/finalprj_top.sv" Line 116. Module PE doesn't have a timescale but at least one module in design has a timescale.
WARNING: [XSIM 43-4099] "C:/Users/genie/Downloads/hdl_sources/finalprj_rps/finalprj_rps.srcs/finalprj_top.sv" Line 116. Module PE doesn't have a timescale but at least one module in design has a timescale.
WARNING: [XSIM 43-4099] "C:/Users/genie/Downloads/hdl_sources/finalprj_rps/finalprj_rps.srcs/finalprj_top.sv" Line 116. Module PE doesn't have a timescale but at least one module in design has a timescale.
WARNING: [XSIM 43-4099] "C:/Users/genie/Downloads/hdl_sources/finalprj_rps/finalprj_rps.srcs/finalprj_top.sv" Line 116. Module PE doesn't have a timescale but at least one module in design has a timescale.
WARNING: [XSIM 43-4099] "C:/Users/genie/Downloads/hdl_sources/finalprj_rps/finalprj_rps.srcs/finalprj_top.sv" Line 116. Module PE doesn't have a timescale but at least one module in design has a timescale.
WARNING: [XSIM 43-4099] "C:/Users/genie/Downloads/hdl_sources/finalprj_rps/finalprj_rps.srcs/finalprj_top.sv" Line 116. Module PE doesn't have a timescale but at least one module in design has a timescale.
WARNING: [XSIM 43-4099] "C:/Users/genie/Downloads/hdl_sources/finalprj_rps/finalprj_rps.srcs/finalprj_top.sv" Line 116. Module PE doesn't have a timescale but at least one module in design has a timescale.
WARNING: [XSIM 43-4099] "C:/Users/genie/Downloads/hdl_sources/finalprj_rps/finalprj_rps.srcs/finalprj_top.sv" Line 116. Module PE doesn't have a timescale but at least one module in design has a timescale.
WARNING: [XSIM 43-4099] "C:/Users/genie/Downloads/hdl_sources/finalprj_rps/finalprj_rps.srcs/finalprj_top.sv" Line 116. Module PE doesn't have a timescale but at least one module in design has a timescale.
WARNING: [XSIM 43-4099] "C:/Users/genie/Downloads/hdl_sources/finalprj_rps/finalprj_rps.srcs/finalprj_top.sv" Line 116. Module PE doesn't have a timescale but at least one module in design has a timescale.
WARNING: [XSIM 43-4099] "C:/Users/genie/Downloads/hdl_sources/finalprj_rps/finalprj_rps.srcs/finalprj_top.sv" Line 116. Module PE doesn't have a timescale but at least one module in design has a timescale.
WARNING: [XSIM 43-4099] "C:/Users/genie/Downloads/hdl_sources/finalprj_rps/finalprj_rps.srcs/finalprj_top.sv" Line 116. Module PE doesn't have a timescale but at least one module in design has a timescale.
WARNING: [XSIM 43-4099] "C:/Users/genie/Downloads/hdl_sources/finalprj_rps/finalprj_rps.srcs/finalprj_top.sv" Line 116. Module PE doesn't have a timescale but at least one module in design has a timescale.
WARNING: [XSIM 43-4099] "C:/Users/genie/Downloads/hdl_sources/finalprj_rps/finalprj_rps.srcs/finalprj_top.sv" Line 116. Module PE doesn't have a timescale but at least one module in design has a timescale.
WARNING: [XSIM 43-4099] "C:/Users/genie/Downloads/hdl_sources/finalprj_rps/finalprj_rps.srcs/finalprj_top.sv" Line 116. Module PE doesn't have a timescale but at least one module in design has a timescale.
WARNING: [XSIM 43-4099] "C:/Users/genie/Downloads/hdl_sources/finalprj_rps/finalprj_rps.srcs/finalprj_top.sv" Line 116. Module PE doesn't have a timescale but at least one module in design has a timescale.
WARNING: [XSIM 43-4099] "C:/Users/genie/Downloads/hdl_sources/finalprj_rps/finalprj_rps.srcs/finalprj_top.sv" Line 116. Module PE doesn't have a timescale but at least one module in design has a timescale.
WARNING: [XSIM 43-4099] "C:/Users/genie/Downloads/hdl_sources/finalprj_rps/finalprj_rps.srcs/finalprj_top.sv" Line 116. Module PE doesn't have a timescale but at least one module in design has a timescale.
WARNING: [XSIM 43-4099] "C:/Users/genie/Downloads/hdl_sources/finalprj_rps/finalprj_rps.srcs/finalprj_top.sv" Line 116. Module PE doesn't have a timescale but at least one module in design has a timescale.
WARNING: [XSIM 43-4099] "C:/Users/genie/Downloads/hdl_sources/finalprj_rps/finalprj_rps.srcs/finalprj_top.sv" Line 116. Module PE doesn't have a timescale but at least one module in design has a timescale.
WARNING: [XSIM 43-4099] "C:/Users/genie/Downloads/hdl_sources/finalprj_rps/finalprj_rps.srcs/finalprj_top.sv" Line 116. Module PE doesn't have a timescale but at least one module in design has a timescale.
WARNING: [XSIM 43-4099] "C:/Users/genie/Downloads/hdl_sources/finalprj_rps/finalprj_rps.srcs/finalprj_top.sv" Line 116. Module PE doesn't have a timescale but at least one module in design has a timescale.
WARNING: [XSIM 43-4099] "C:/Users/genie/Downloads/hdl_sources/finalprj_rps/finalprj_rps.srcs/finalprj_top.sv" Line 116. Module PE doesn't have a timescale but at least one module in design has a timescale.
WARNING: [XSIM 43-4099] "C:/Users/genie/Downloads/hdl_sources/finalprj_rps/finalprj_rps.srcs/finalprj_top.sv" Line 116. Module PE doesn't have a timescale but at least one module in design has a timescale.
WARNING: [XSIM 43-4099] "C:/Users/genie/Downloads/hdl_sources/finalprj_rps/finalprj_rps.srcs/finalprj_top.sv" Line 116. Module PE doesn't have a timescale but at least one module in design has a timescale.
WARNING: [XSIM 43-4099] "C:/Users/genie/Downloads/hdl_sources/finalprj_rps/finalprj_rps.srcs/finalprj_top.sv" Line 116. Module PE doesn't have a timescale but at least one module in design has a timescale.
WARNING: [XSIM 43-4099] "C:/Users/genie/Downloads/hdl_sources/finalprj_rps/finalprj_rps.srcs/finalprj_top.sv" Line 116. Module PE doesn't have a timescale but at least one module in design has a timescale.
WARNING: [XSIM 43-4099] "C:/Users/genie/Downloads/hdl_sources/finalprj_rps/finalprj_rps.srcs/finalprj_top.sv" Line 116. Module PE doesn't have a timescale but at least one module in design has a timescale.
WARNING: [XSIM 43-4099] "C:/Users/genie/Downloads/hdl_sources/finalprj_rps/finalprj_rps.srcs/finalprj_top.sv" Line 116. Module PE doesn't have a timescale but at least one module in design has a timescale.
INFO: [Common 17-14] Message 'XSIM 43-4099' appears 100 times and further instances of the messages will be disabled. Use the Tcl command set_msg_config to change the current settings.
Completed simulation data flow analysis
Time Resolution for simulation is 1ps
Compiling module xil_defaultlib.BRAM_TDP
Compiling module xil_defaultlib.SKEWER(SIZE=32'b010000)
Compiling module xil_defaultlib.PE
Compiling module xil_defaultlib.SYSTOLIC_ARRAY(SIZE=32'b010000)
Compiling module xil_defaultlib.POST_PROCESSOR
Compiling module xil_defaultlib.POST_PROCESSOR_VECTOR(SIZE=32'b0...
Compiling module xil_defaultlib.CONTROL_default
Compiling module xil_defaultlib.finalprj_top
Compiling module xil_defaultlib.tb_layer1_all_tiles_write
Compiling module xil_defaultlib.glbl
Built simulation snapshot tb_layer1_all_tiles_write_behav
